This file contains any messages produced by compilers while
running configure, to aid debugging if configure makes a mistake.

It was created by PCRE configure 8.36, which was
generated by GNU Autoconf 2.69.  Invocation command line was

  $ ./configure 

## --------- ##
## Platform. ##
## --------- ##

hostname = BambooLs-MacBook-Air.local
uname -m = x86_64
uname -r = 13.4.0
uname -s = Darwin
uname -v = Darwin Kernel Version 13.4.0: Sun Aug 17 19:50:11 PDT 2014; root:xnu-2422.115.4~1/RELEASE_X86_64

/usr/bin/uname -p = i386
/bin/uname -X     = unknown

/bin/arch              = unknown
/usr/bin/arch -k       = unknown
/usr/convex/getsysinfo = unknown
/usr/bin/hostinfo      = Mach kernel version:
	 Darwin Kernel Version 13.4.0: Sun Aug 17 19:50:11 PDT 2014; root:xnu-2422.115.4~1/RELEASE_X86_64
Kernel configured for up to 4 processors.
2 processors are physically available.
4 processors are logically available.
Processor type: i486 (Intel 80486)
Processors active: 0 1 2 3
Primary memory available: 4.00 gigabytes
Default processor set: 204 tasks, 1387 threads, 4 processors
Load average: 3.47, Mach factor: 1.43
/bin/machine           = unknown
/usr/bin/oslevel       = unknown
/bin/universe          = unknown

PATH: /usr/bin
PATH: /bin
PATH: /usr/sbin
PATH: /sbin
PATH: /usr/local/bin
PATH: /opt/X11/bin
PATH: /usr/texbin
PATH: /Users/bambool/Misc/apache-ant-1.9.5/bin
PATH: /Users/bambool/Misc/apache-ant-1.9.5/bin
PATH: /Users/bambool/Misc/apache-forrest-0.9/bin
PATH: /Users/bambool/Misc/apache-forrest-0.9/bin
PATH: /Users/bambool/Misc/apache-forrest-0.9
PATH: 2//bin
PATH: /Users/bambool/Misc/apache-forrest-0.9
PATH: 2/bin
PATH: /Users/bambool/.rvm/bin
PATH: /Users/bambool/Misc/apache-forrest-0.9 2//bin
PATH: /Users/bambool/Misc/forrest/bin


## ----------- ##
## Core tests. ##
## ----------- ##

configure:2808: checking for a BSD-compatible install
configure:2876: result: /usr/bin/install -c
configure:2887: checking whether build environment is sane
configure:2942: result: yes
configure:3093: checking for a thread-safe mkdir -p
configure:3132: result: ./install-sh -c -d
configure:3139: checking for gawk
configure:3169: result: no
configure:3139: checking for mawk
configure:3169: result: no
configure:3139: checking for nawk
configure:3169: result: no
configure:3139: checking for awk
configure:3155: found /usr/bin/awk
configure:3166: result: awk
configure:3177: checking whether make sets $(MAKE)
configure:3203: result: no
configure:3228: checking whether make supports nested variables
configure:3245: result: no
configure:3381: checking whether make supports nested variables
configure:3398: result: no
configure:3425: checking for style of include used by make
configure:3453: result: none
configure:3524: checking for gcc
configure:3540: found /usr/bin/gcc
configure:3551: result: gcc
configure:3780: checking for C compiler version
configure:3789: gcc --version >&5


Agreeing to the Xcode/iOS license requires admin privileges, please re-run as root via sudo.


configure:3800: $? = 69
configure:3789: gcc -v >&5


Agreeing to the Xcode/iOS license requires admin privileges, please re-run as root via sudo.


configure:3800: $? = 69
configure:3789: gcc -V >&5


Agreeing to the Xcode/iOS license requires admin privileges, please re-run as root via sudo.


configure:3800: $? = 69
configure:3789: gcc -qversion >&5


Agreeing to the Xcode/iOS license requires admin privileges, please re-run as root via sudo.


configure:3800: $? = 69
configure:3820: checking whether the C compiler works
configure:3842: gcc    conftest.c  >&5


Agreeing to the Xcode/iOS license requires admin privileges, please re-run as root via sudo.


configure:3846: $? = 69
configure:3884: result: no
configure: failed program was:
| /* confdefs.h */
| #define PACKAGE_NAME "PCRE"
| #define PACKAGE_TARNAME "pcre"
| #define PACKAGE_VERSION "8.36"
| #define PACKAGE_STRING "PCRE 8.36"
| #define PACKAGE_BUGREPORT ""
| #define PACKAGE_URL ""
| #define PACKAGE "pcre"
| #define VERSION "8.36"
| /* end confdefs.h.  */
| 
| int
| main ()
| {
| 
|   ;
|   return 0;
| }
configure:3889: error: in `/Users/bambool/Dropbox/excel/Test/bin/pcre-8.36':
configure:3891: error: C compiler cannot create executables
See `config.log' for more details

## ---------------- ##
## Cache variables. ##
## ---------------- ##

ac_cv_env_CCC_set=
ac_cv_env_CCC_value=
ac_cv_env_CC_set=
ac_cv_env_CC_value=
ac_cv_env_CFLAGS_set=
ac_cv_env_CFLAGS_value=
ac_cv_env_CPPFLAGS_set=
ac_cv_env_CPPFLAGS_value=
ac_cv_env_CPP_set=
ac_cv_env_CPP_value=
ac_cv_env_CXXCPP_set=
ac_cv_env_CXXCPP_value=
ac_cv_env_CXXFLAGS_set=
ac_cv_env_CXXFLAGS_value=
ac_cv_env_CXX_set=
ac_cv_env_CXX_value=
ac_cv_env_GENHTML_set=
ac_cv_env_GENHTML_value=
ac_cv_env_LCOV_set=
ac_cv_env_LCOV_value=
ac_cv_env_LDFLAGS_set=
ac_cv_env_LDFLAGS_value=
ac_cv_env_LIBS_set=
ac_cv_env_LIBS_value=
ac_cv_env_PKG_CONFIG_LIBDIR_set=
ac_cv_env_PKG_CONFIG_LIBDIR_value=
ac_cv_env_PKG_CONFIG_PATH_set=
ac_cv_env_PKG_CONFIG_PATH_value=
ac_cv_env_PKG_CONFIG_set=
ac_cv_env_PKG_CONFIG_value=
ac_cv_env_VALGRIND_CFLAGS_set=
ac_cv_env_VALGRIND_CFLAGS_value=
ac_cv_env_VALGRIND_LIBS_set=
ac_cv_env_VALGRIND_LIBS_value=
ac_cv_env_build_alias_set=
ac_cv_env_build_alias_value=
ac_cv_env_host_alias_set=
ac_cv_env_host_alias_value=
ac_cv_env_target_alias_set=
ac_cv_env_target_alias_value=
ac_cv_path_install='/usr/bin/install -c'
ac_cv_prog_AWK=awk
ac_cv_prog_ac_ct_CC=gcc
ac_cv_prog_make_make_set=no
am_cv_make_support_nested_variables=no

## ----------------- ##
## Output variables. ##
## ----------------- ##

ACLOCAL='${SHELL} /Users/bambool/Dropbox/excel/Test/bin/pcre-8.36/missing aclocal-1.14'
AMDEPBACKSLASH='\'
AMDEP_FALSE='#'
AMDEP_TRUE=''
AMTAR='$${TAR-tar}'
AM_BACKSLASH='\'
AM_DEFAULT_V='0'
AM_DEFAULT_VERBOSITY='0'
AM_V='0'
AR=''
AS=''
AUTOCONF='${SHELL} /Users/bambool/Dropbox/excel/Test/bin/pcre-8.36/missing autoconf'
AUTOHEADER='${SHELL} /Users/bambool/Dropbox/excel/Test/bin/pcre-8.36/missing autoheader'
AUTOMAKE='${SHELL} /Users/bambool/Dropbox/excel/Test/bin/pcre-8.36/missing automake-1.14'
AWK='awk'
CC='gcc'
CCDEPMODE=''
CFLAGS=''
CPP=''
CPPFLAGS=''
CXX=''
CXXCPP=''
CXXDEPMODE=''
CXXFLAGS=''
CYGPATH_W='echo'
DEFS=''
DEPDIR='.deps'
DISTCHECK_CONFIGURE_FLAGS=''
DLLTOOL=''
DSYMUTIL=''
DUMPBIN=''
ECHO_C='\c'
ECHO_N=''
ECHO_T=''
EGREP=''
EXEEXT=''
EXTRA_LIBPCRE16_LDFLAGS=''
EXTRA_LIBPCRE32_LDFLAGS=''
EXTRA_LIBPCRECPP_LDFLAGS=''
EXTRA_LIBPCREPOSIX_LDFLAGS=''
EXTRA_LIBPCRE_LDFLAGS=''
FGREP=''
GCOV_CFLAGS=''
GCOV_CXXFLAGS=''
GCOV_LIBS=''
GENHTML=''
GREP=''
HAVE_VISIBILITY=''
INSTALL_DATA='${INSTALL} -m 644'
INSTALL_PROGRAM='${INSTALL}'
INSTALL_SCRIPT='${INSTALL}'
INSTALL_STRIP_PROGRAM='$(install_sh) -c -s'
LCOV=''
LD=''
LDFLAGS=''
LIBBZ2=''
LIBOBJS=''
LIBREADLINE=''
LIBS=''
LIBTOOL=''
LIBZ=''
LIPO=''
LN_S=''
LTLIBOBJS=''
MAKEINFO='${SHELL} /Users/bambool/Dropbox/excel/Test/bin/pcre-8.36/missing makeinfo'
MANIFEST_TOOL=''
MKDIR_P='./install-sh -c -d'
NM=''
NMEDIT=''
OBJDUMP=''
OBJEXT=''
OTOOL64=''
OTOOL=''
PACKAGE='pcre'
PACKAGE_BUGREPORT=''
PACKAGE_NAME='PCRE'
PACKAGE_STRING='PCRE 8.36'
PACKAGE_TARNAME='pcre'
PACKAGE_URL=''
PACKAGE_VERSION='8.36'
PATH_SEPARATOR=':'
PCRE_DATE=''
PCRE_MAJOR=''
PCRE_MINOR=''
PCRE_PRERELEASE=''
PCRE_STATIC_CFLAG=''
PKG_CONFIG=''
PKG_CONFIG_LIBDIR=''
PKG_CONFIG_PATH=''
PTHREAD_CC=''
PTHREAD_CFLAGS=''
PTHREAD_LIBS=''
RANLIB=''
SED=''
SET_MAKE='MAKE=make'
SHELL='/bin/sh'
SHTOOL=''
STRIP=''
VALGRIND_CFLAGS=''
VALGRIND_LIBS=''
VERSION='8.36'
VISIBILITY_CFLAGS=''
VISIBILITY_CXXFLAGS=''
WITH_GCOV_FALSE=''
WITH_GCOV_TRUE=''
WITH_JIT_FALSE=''
WITH_JIT_TRUE=''
WITH_PCRE16_FALSE=''
WITH_PCRE16_TRUE=''
WITH_PCRE32_FALSE=''
WITH_PCRE32_TRUE=''
WITH_PCRE8_FALSE=''
WITH_PCRE8_TRUE=''
WITH_PCRE_CPP_FALSE=''
WITH_PCRE_CPP_TRUE=''
WITH_REBUILD_CHARTABLES_FALSE=''
WITH_REBUILD_CHARTABLES_TRUE=''
WITH_UTF_FALSE=''
WITH_UTF_TRUE=''
WITH_VALGRIND_FALSE=''
WITH_VALGRIND_TRUE=''
ac_ct_AR=''
ac_ct_CC='gcc'
ac_ct_CXX=''
ac_ct_DUMPBIN=''
am__EXEEXT_FALSE=''
am__EXEEXT_TRUE=''
am__fastdepCC_FALSE=''
am__fastdepCC_TRUE=''
am__fastdepCXX_FALSE=''
am__fastdepCXX_TRUE=''
am__include='#'
am__isrc=''
am__leading_dot='.'
am__nodep='_no'
am__quote=''
am__tar='$${TAR-tar} chof - "$$tardir"'
am__untar='$${TAR-tar} xf -'
ax_pthread_config=''
bindir='${exec_prefix}/bin'
build=''
build_alias=''
build_cpu=''
build_os=''
build_vendor=''
datadir='${datarootdir}'
datarootdir='${prefix}/share'
docdir='${datarootdir}/doc/${PACKAGE_TARNAME}'
dvidir='${docdir}'
enable_cpp=''
enable_pcre16=''
enable_pcre32=''
enable_pcre8=''
exec_prefix='NONE'
host=''
host_alias=''
host_cpu=''
host_os=''
host_vendor=''
htmldir='${docdir}'
includedir='${prefix}/include'
infodir='${datarootdir}/info'
install_sh='${SHELL} /Users/bambool/Dropbox/excel/Test/bin/pcre-8.36/install-sh'
libdir='${exec_prefix}/lib'
libexecdir='${exec_prefix}/libexec'
localedir='${datarootdir}/locale'
localstatedir='${prefix}/var'
mandir='${datarootdir}/man'
mkdir_p='$(MKDIR_P)'
oldincludedir='/usr/include'
pcre_have_bits_type_traits=''
pcre_have_long_long=''
pcre_have_type_traits=''
pcre_have_ulong_long=''
pdfdir='${docdir}'
prefix='NONE'
program_transform_name='s,x,x,'
psdir='${docdir}'
sbindir='${exec_prefix}/sbin'
sharedstatedir='${prefix}/com'
sysconfdir='${prefix}/etc'
target_alias=''

## ----------- ##
## confdefs.h. ##
## ----------- ##

/* confdefs.h */
#define PACKAGE_NAME "PCRE"
#define PACKAGE_TARNAME "pcre"
#define PACKAGE_VERSION "8.36"
#define PACKAGE_STRING "PCRE 8.36"
#define PACKAGE_BUGREPORT ""
#define PACKAGE_URL ""
#define PACKAGE "pcre"
#define VERSION "8.36"

configure: exit 77
